@!@!@STARTMSG 2262:0 @!@!@
TLC2 Version 2.16 of 31 December 2020 (rev: cdddf55)
@!@!@ENDMSG 2262 @!@!@
@!@!@STARTMSG 2187:0 @!@!@
Running breadth-first search Model-Checking with fp 10 and seed -7077397894823201581 with 14 workers on 28 cores with 1163MB heap and 2613MB offheap memory [pid: 132456] (Linux 6.5.0-15-generic amd64, AdoptOpenJDK 14.0.1 x86_64, OffHeapDiskFPSet, DiskStateQueue).
@!@!@ENDMSG 2187 @!@!@
@!@!@STARTMSG 2220:0 @!@!@
Starting SANY...
@!@!@ENDMSG 2220 @!@!@
Parsing file /home/neeraj/Desktop/sem-6/model-checking/02-06-2024-lab-1/q2a/petersons_algo_1.toolbox/Model_2/MC.tla
Parsing file /home/neeraj/Desktop/sem-6/model-checking/02-06-2024-lab-1/q2a/petersons_algo_1.toolbox/Model_2/petersons_algo.tla
Parsing file /opt/TLA+Toolbox/plugins/org.lamport.tlatools_1.0.0.202012311918/tla2sany/StandardModules/TLC.tla
Parsing file /opt/TLA+Toolbox/plugins/org.lamport.tlatools_1.0.0.202012311918/tla2sany/StandardModules/Integers.tla
Parsing file /opt/TLA+Toolbox/plugins/org.lamport.tlatools_1.0.0.202012311918/tla2sany/StandardModules/Naturals.tla
Parsing file /opt/TLA+Toolbox/plugins/org.lamport.tlatools_1.0.0.202012311918/tla2sany/StandardModules/Sequences.tla
Parsing file /opt/TLA+Toolbox/plugins/org.lamport.tlatools_1.0.0.202012311918/tla2sany/StandardModules/FiniteSets.tla
Semantic processing of module Naturals
Semantic processing of module Integers
Semantic processing of module petersons_algo
Semantic processing of module Sequences
Semantic processing of module FiniteSets
Semantic processing of module TLC
Semantic processing of module MC
@!@!@STARTMSG 2219:0 @!@!@
SANY finished.
@!@!@ENDMSG 2219 @!@!@
@!@!@STARTMSG 2185:0 @!@!@
Starting... (2024-02-06 18:17:32)
@!@!@ENDMSG 2185 @!@!@
@!@!@STARTMSG 2189:0 @!@!@
Computing initial states...
@!@!@ENDMSG 2189 @!@!@
@!@!@STARTMSG 2190:0 @!@!@
Finished computing initial states: 1 distinct state generated at 2024-02-06 18:17:33.
@!@!@ENDMSG 2190 @!@!@
@!@!@STARTMSG 1000:1 @!@!@
TLC threw an unexpected exception.
This was probably caused by an error in the spec or model.
See the User Output or TLC Console for clues to what happened.
The exception was a java.lang.RuntimeException
: Attempted to check equality of integer 0 with non-integer:
FALSE
@!@!@ENDMSG 1000 @!@!@
@!@!@STARTMSG 2121:1 @!@!@
The behavior up to this point is:
@!@!@ENDMSG 2121 @!@!@
@!@!@STARTMSG 2217:4 @!@!@
1: <Initial predicate>
/\ pc0 = 0
/\ pc1 = 0
/\ intr0 = FALSE
/\ intr1 = FALSE
/\ turn = 0

@!@!@ENDMSG 2217 @!@!@
@!@!@STARTMSG 2217:4 @!@!@
2: <Next line 185, col 10 to line 185, col 36 of module petersons_algo>
/\ pc0 = 1
/\ pc1 = 0
/\ intr0 = FALSE
/\ intr1 = FALSE
/\ turn = 0

@!@!@ENDMSG 2217 @!@!@
@!@!@STARTMSG 2217:4 @!@!@
3: <Next line 185, col 10 to line 185, col 36 of module petersons_algo>
/\ pc0 = 2
/\ pc1 = 0
/\ intr0 = FALSE
/\ intr1 = FALSE
/\ turn = 0

@!@!@ENDMSG 2217 @!@!@
@!@!@STARTMSG 2217:4 @!@!@
4: <Next line 185, col 10 to line 185, col 36 of module petersons_algo>
/\ pc0 = 3
/\ pc1 = 0
/\ intr0 = TRUE
/\ intr1 = FALSE
/\ turn = 0

@!@!@ENDMSG 2217 @!@!@
@!@!@STARTMSG 2217:4 @!@!@
5: <Next line 185, col 10 to line 185, col 36 of module petersons_algo>
/\ pc0 = 4
/\ pc1 = 0
/\ intr0 = TRUE
/\ intr1 = FALSE
/\ turn = 1

@!@!@ENDMSG 2217 @!@!@
@!@!@STARTMSG 2217:4 @!@!@
6: <Next line 185, col 10 to line 185, col 36 of module petersons_algo>
/\ pc0 = 5
/\ pc1 = 0
/\ intr0 = TRUE
/\ intr1 = FALSE
/\ turn = 1

@!@!@ENDMSG 2217 @!@!@
@!@!@STARTMSG 2217:4 @!@!@
7: <Next line 185, col 10 to line 185, col 36 of module petersons_algo>
/\ pc0 = 6
/\ pc1 = 0
/\ intr0 = TRUE
/\ intr1 = FALSE
/\ turn = 1

@!@!@ENDMSG 2217 @!@!@
@!@!@STARTMSG 2217:4 @!@!@
8: <Next line 185, col 10 to line 185, col 36 of module petersons_algo>
/\ pc0 = 7
/\ pc1 = 0
/\ intr0 = 0
/\ intr1 = FALSE
/\ turn = 1

@!@!@ENDMSG 2217 @!@!@
@!@!@STARTMSG 2217:4 @!@!@
9: <Next line 185, col 10 to line 185, col 36 of module petersons_algo>
/\ pc0 = 0
/\ pc1 = 0
/\ intr0 = 0
/\ intr1 = FALSE
/\ turn = 1

@!@!@ENDMSG 2217 @!@!@
@!@!@STARTMSG 2217:4 @!@!@
10: <Next line 185, col 43 to line 185, col 70 of module petersons_algo>
/\ pc0 = 0
/\ pc1 = 1
/\ intr0 = 0
/\ intr1 = FALSE
/\ turn = 1

@!@!@ENDMSG 2217 @!@!@
@!@!@STARTMSG 2217:4 @!@!@
11: <Next line 185, col 43 to line 185, col 70 of module petersons_algo>
/\ pc0 = 0
/\ pc1 = 2
/\ intr0 = 0
/\ intr1 = FALSE
/\ turn = 1

@!@!@ENDMSG 2217 @!@!@
@!@!@STARTMSG 2217:4 @!@!@
12: <Next line 185, col 43 to line 185, col 70 of module petersons_algo>
/\ pc0 = 0
/\ pc1 = 3
/\ intr0 = 0
/\ intr1 = TRUE
/\ turn = 1

@!@!@ENDMSG 2217 @!@!@
@!@!@STARTMSG 2217:4 @!@!@
13: <Next line 185, col 43 to line 185, col 70 of module petersons_algo>
/\ pc0 = 0
/\ pc1 = 4
/\ intr0 = 0
/\ intr1 = TRUE
/\ turn = 0

@!@!@ENDMSG 2217 @!@!@
@!@!@STARTMSG 2217:4 @!@!@
14: <Next line 185, col 10 to line 185, col 36 of module petersons_algo>
/\ pc0 = 1
/\ pc1 = 4
/\ intr0 = 0
/\ intr1 = TRUE
/\ turn = 0

@!@!@ENDMSG 2217 @!@!@
@!@!@STARTMSG 2103:1 @!@!@
The error occurred when TLC was evaluating the nested
expressions at the following positions:
0. Line 185, column 43 to line 185, column 70 in petersons_algo
1. Line 185, column 43 to line 185, column 53 in petersons_algo
2. Line 175, column 1 to line 183, column 8 in petersons_algo
3. Line 179, column 4 to line 179, column 6 in petersons_algo
4. Line 139, column 1 to line 142, column 37 in petersons_algo
5. Line 139, column 4 to line 139, column 10 in petersons_algo
6. Line 140, column 4 to line 140, column 11 in petersons_algo
7. Line 141, column 5 to line 141, column 29 in petersons_algo
8. Line 141, column 17 to line 141, column 29 in petersons_algo


@!@!@ENDMSG 2103 @!@!@
@!@!@STARTMSG 2201:0 @!@!@
The coverage statistics at 2024-02-06 18:17:33
@!@!@ENDMSG 2201 @!@!@
@!@!@STARTMSG 2773:0 @!@!@
<Init line 46, col 1 to line 46, col 4 of module petersons_algo>: 2:2
@!@!@ENDMSG 2773 @!@!@
@!@!@STARTMSG 2221:0 @!@!@
  line 46, col 9 to line 46, col 22 of module petersons_algo: 2
@!@!@ENDMSG 2221 @!@!@
@!@!@STARTMSG 2772:0 @!@!@
<Next line 185, col 1 to line 185, col 4 of module petersons_algo (185 10 185 36)>: 47:196
@!@!@ENDMSG 2772 @!@!@
@!@!@STARTMSG 2221:0 @!@!@
  line 49, col 4 to line 49, col 10 of module petersons_algo: 126
@!@!@ENDMSG 2221 @!@!@
@!@!@STARTMSG 2221:0 @!@!@
  |line 49, col 4 to line 49, col 6 of module petersons_algo: 104
@!@!@ENDMSG 2221 @!@!@
@!@!@STARTMSG 2221:0 @!@!@
  line 50, col 4 to line 50, col 11 of module petersons_algo: 22
@!@!@ENDMSG 2221 @!@!@
@!@!@STARTMSG 2221:0 @!@!@
  line 51, col 4 to line 51, col 37 of module petersons_algo: 22
@!@!@ENDMSG 2221 @!@!@
@!@!@STARTMSG 2221:0 @!@!@
  line 54, col 4 to line 54, col 10 of module petersons_algo: 122
@!@!@ENDMSG 2221 @!@!@
@!@!@STARTMSG 2221:0 @!@!@
  |line 54, col 4 to line 54, col 6 of module petersons_algo: 104
@!@!@ENDMSG 2221 @!@!@
@!@!@STARTMSG 2221:0 @!@!@
  line 55, col 4 to line 55, col 11 of module petersons_algo: 18
@!@!@ENDMSG 2221 @!@!@
@!@!@STARTMSG 2221:0 @!@!@
  line 56, col 4 to line 56, col 37 of module petersons_algo: 18
@!@!@ENDMSG 2221 @!@!@
@!@!@STARTMSG 2221:0 @!@!@
  line 60, col 4 to line 60, col 10 of module petersons_algo: 121
@!@!@ENDMSG 2221 @!@!@
@!@!@STARTMSG 2221:0 @!@!@
  |line 60, col 4 to line 60, col 6 of module petersons_algo: 104
@!@!@ENDMSG 2221 @!@!@
@!@!@STARTMSG 2221:0 @!@!@
  line 61, col 4 to line 61, col 11 of module petersons_algo: 17
@!@!@ENDMSG 2221 @!@!@
@!@!@STARTMSG 2221:0 @!@!@
  line 62, col 4 to line 62, col 16 of module petersons_algo: 17
@!@!@ENDMSG 2221 @!@!@
@!@!@STARTMSG 2221:0 @!@!@
  line 63, col 4 to line 63, col 30 of module petersons_algo: 17
@!@!@ENDMSG 2221 @!@!@
@!@!@STARTMSG 2221:0 @!@!@
  line 66, col 4 to line 66, col 10 of module petersons_algo: 120
@!@!@ENDMSG 2221 @!@!@
@!@!@STARTMSG 2221:0 @!@!@
  |line 66, col 4 to line 66, col 6 of module petersons_algo: 104
@!@!@ENDMSG 2221 @!@!@
@!@!@STARTMSG 2221:0 @!@!@
  line 67, col 4 to line 67, col 11 of module petersons_algo: 16
@!@!@ENDMSG 2221 @!@!@
@!@!@STARTMSG 2221:0 @!@!@
  line 68, col 4 to line 68, col 12 of module petersons_algo: 16
@!@!@ENDMSG 2221 @!@!@
@!@!@STARTMSG 2221:0 @!@!@
  line 69, col 4 to line 69, col 31 of module petersons_algo: 16
@!@!@ENDMSG 2221 @!@!@
@!@!@STARTMSG 2221:0 @!@!@
  line 81, col 4 to line 81, col 10 of module petersons_algo: 109
@!@!@ENDMSG 2221 @!@!@
@!@!@STARTMSG 2221:0 @!@!@
  |line 81, col 4 to line 81, col 6 of module petersons_algo: 104
@!@!@ENDMSG 2221 @!@!@
@!@!@STARTMSG 2221:0 @!@!@
  line 82, col 4 to line 82, col 11 of module petersons_algo: 5
@!@!@ENDMSG 2221 @!@!@
@!@!@STARTMSG 2221:0 @!@!@
  line 83, col 5 to line 83, col 12 of module petersons_algo: 14
@!@!@ENDMSG 2221 @!@!@
@!@!@STARTMSG 2221:0 @!@!@
  |line 83, col 5 to line 83, col 8 of module petersons_algo: 13
@!@!@ENDMSG 2221 @!@!@
@!@!@STARTMSG 2221:0 @!@!@
  line 83, col 17 to line 83, col 29 of module petersons_algo: 17
@!@!@ENDMSG 2221 @!@!@
@!@!@STARTMSG 2221:0 @!@!@
  |line 83, col 17 to line 83, col 21 of module petersons_algo: 13
@!@!@ENDMSG 2221 @!@!@
@!@!@STARTMSG 2221:0 @!@!@
  |line 83, col 25 to line 83, col 29 of module petersons_algo: 13
@!@!@ENDMSG 2221 @!@!@
@!@!@STARTMSG 2221:0 @!@!@
  line 84, col 4 to line 84, col 37 of module petersons_algo: 5
@!@!@ENDMSG 2221 @!@!@
@!@!@STARTMSG 2221:0 @!@!@
  line 87, col 4 to line 87, col 10 of module petersons_algo: 106
@!@!@ENDMSG 2221 @!@!@
@!@!@STARTMSG 2221:0 @!@!@
  |line 87, col 4 to line 87, col 6 of module petersons_algo: 100
@!@!@ENDMSG 2221 @!@!@
@!@!@STARTMSG 2221:0 @!@!@
  line 88, col 4 to line 88, col 11 of module petersons_algo: 6
@!@!@ENDMSG 2221 @!@!@
@!@!@STARTMSG 2221:0 @!@!@
  line 89, col 4 to line 89, col 37 of module petersons_algo: 6
@!@!@ENDMSG 2221 @!@!@
@!@!@STARTMSG 2221:0 @!@!@
  line 92, col 4 to line 92, col 10 of module petersons_algo: 106
@!@!@ENDMSG 2221 @!@!@
@!@!@STARTMSG 2221:0 @!@!@
  |line 92, col 4 to line 92, col 6 of module petersons_algo: 100
@!@!@ENDMSG 2221 @!@!@
@!@!@STARTMSG 2221:0 @!@!@
  line 93, col 4 to line 93, col 11 of module petersons_algo: 6
@!@!@ENDMSG 2221 @!@!@
@!@!@STARTMSG 2221:0 @!@!@
  line 94, col 4 to line 94, col 13 of module petersons_algo: 6
@!@!@ENDMSG 2221 @!@!@
@!@!@STARTMSG 2221:0 @!@!@
  line 95, col 4 to line 95, col 28 of module petersons_algo: 6
@!@!@ENDMSG 2221 @!@!@
@!@!@STARTMSG 2221:0 @!@!@
  line 98, col 4 to line 98, col 10 of module petersons_algo: 106
@!@!@ENDMSG 2221 @!@!@
@!@!@STARTMSG 2221:0 @!@!@
  |line 98, col 4 to line 98, col 6 of module petersons_algo: 100
@!@!@ENDMSG 2221 @!@!@
@!@!@STARTMSG 2221:0 @!@!@
  line 99, col 4 to line 99, col 11 of module petersons_algo: 6
@!@!@ENDMSG 2221 @!@!@
@!@!@STARTMSG 2221:0 @!@!@
  line 100, col 4 to line 100, col 37 of module petersons_algo: 6
@!@!@ENDMSG 2221 @!@!@
@!@!@STARTMSG 2221:0 @!@!@
  line 102, col 10 to line 102, col 48 of module petersons_algo: 100
@!@!@ENDMSG 2221 @!@!@
@!@!@STARTMSG 2221:0 @!@!@
  line 185, col 24 to line 185, col 36 of module petersons_algo: 196
@!@!@ENDMSG 2221 @!@!@
@!@!@STARTMSG 2772:0 @!@!@
<Next line 185, col 1 to line 185, col 4 of module petersons_algo (185 43 185 70)>: 42:168
@!@!@ENDMSG 2772 @!@!@
@!@!@STARTMSG 2221:0 @!@!@
  line 107, col 4 to line 107, col 10 of module petersons_algo: 108
@!@!@ENDMSG 2221 @!@!@
@!@!@STARTMSG 2221:0 @!@!@
  |line 107, col 4 to line 107, col 6 of module petersons_algo: 91
@!@!@ENDMSG 2221 @!@!@
@!@!@STARTMSG 2221:0 @!@!@
  line 108, col 4 to line 108, col 11 of module petersons_algo: 17
@!@!@ENDMSG 2221 @!@!@
@!@!@STARTMSG 2221:0 @!@!@
  line 109, col 4 to line 109, col 37 of module petersons_algo: 17
@!@!@ENDMSG 2221 @!@!@
@!@!@STARTMSG 2221:0 @!@!@
  line 112, col 4 to line 112, col 10 of module petersons_algo: 108
@!@!@ENDMSG 2221 @!@!@
@!@!@STARTMSG 2221:0 @!@!@
  |line 112, col 4 to line 112, col 6 of module petersons_algo: 91
@!@!@ENDMSG 2221 @!@!@
@!@!@STARTMSG 2221:0 @!@!@
  line 113, col 4 to line 113, col 11 of module petersons_algo: 17
@!@!@ENDMSG 2221 @!@!@
@!@!@STARTMSG 2221:0 @!@!@
  line 114, col 4 to line 114, col 37 of module petersons_algo: 17
@!@!@ENDMSG 2221 @!@!@
@!@!@STARTMSG 2221:0 @!@!@
  line 118, col 4 to line 118, col 10 of module petersons_algo: 108
@!@!@ENDMSG 2221 @!@!@
@!@!@STARTMSG 2221:0 @!@!@
  |line 118, col 4 to line 118, col 6 of module petersons_algo: 91
@!@!@ENDMSG 2221 @!@!@
@!@!@STARTMSG 2221:0 @!@!@
  line 119, col 4 to line 119, col 11 of module petersons_algo: 17
@!@!@ENDMSG 2221 @!@!@
@!@!@STARTMSG 2221:0 @!@!@
  line 120, col 4 to line 120, col 16 of module petersons_algo: 17
@!@!@ENDMSG 2221 @!@!@
@!@!@STARTMSG 2221:0 @!@!@
  line 121, col 4 to line 121, col 30 of module petersons_algo: 17
@!@!@ENDMSG 2221 @!@!@
@!@!@STARTMSG 2221:0 @!@!@
  line 124, col 4 to line 124, col 10 of module petersons_algo: 104
@!@!@ENDMSG 2221 @!@!@
@!@!@STARTMSG 2221:0 @!@!@
  |line 124, col 4 to line 124, col 6 of module petersons_algo: 91
@!@!@ENDMSG 2221 @!@!@
@!@!@STARTMSG 2221:0 @!@!@
  line 125, col 4 to line 125, col 11 of module petersons_algo: 13
@!@!@ENDMSG 2221 @!@!@
@!@!@STARTMSG 2221:0 @!@!@
  line 126, col 4 to line 126, col 12 of module petersons_algo: 13
@!@!@ENDMSG 2221 @!@!@
@!@!@STARTMSG 2221:0 @!@!@
  line 127, col 4 to line 127, col 31 of module petersons_algo: 13
@!@!@ENDMSG 2221 @!@!@
@!@!@STARTMSG 2221:0 @!@!@
  line 139, col 4 to line 139, col 10 of module petersons_algo: 95
@!@!@ENDMSG 2221 @!@!@
@!@!@STARTMSG 2221:0 @!@!@
  |line 139, col 4 to line 139, col 6 of module petersons_algo: 91
@!@!@ENDMSG 2221 @!@!@
@!@!@STARTMSG 2221:0 @!@!@
  line 140, col 4 to line 140, col 11 of module petersons_algo: 4
@!@!@ENDMSG 2221 @!@!@
@!@!@STARTMSG 2221:0 @!@!@
  line 141, col 5 to line 141, col 12 of module petersons_algo: 14
@!@!@ENDMSG 2221 @!@!@
@!@!@STARTMSG 2221:0 @!@!@
  |line 141, col 5 to line 141, col 8 of module petersons_algo: 13
@!@!@ENDMSG 2221 @!@!@
@!@!@STARTMSG 2221:0 @!@!@
  line 141, col 17 to line 141, col 29 of module petersons_algo: 16
@!@!@ENDMSG 2221 @!@!@
@!@!@STARTMSG 2221:0 @!@!@
  |line 141, col 17 to line 141, col 21 of module petersons_algo: 13
@!@!@ENDMSG 2221 @!@!@
@!@!@STARTMSG 2221:0 @!@!@
  |line 141, col 25 to line 141, col 29 of module petersons_algo: 13
@!@!@ENDMSG 2221 @!@!@
@!@!@STARTMSG 2221:0 @!@!@
  line 142, col 4 to line 142, col 37 of module petersons_algo: 4
@!@!@ENDMSG 2221 @!@!@
@!@!@STARTMSG 2221:0 @!@!@
  line 145, col 4 to line 145, col 10 of module petersons_algo: 91
@!@!@ENDMSG 2221 @!@!@
@!@!@STARTMSG 2221:0 @!@!@
  |line 145, col 4 to line 145, col 6 of module petersons_algo: 86
@!@!@ENDMSG 2221 @!@!@
@!@!@STARTMSG 2221:0 @!@!@
  line 146, col 4 to line 146, col 11 of module petersons_algo: 5
@!@!@ENDMSG 2221 @!@!@
@!@!@STARTMSG 2221:0 @!@!@
  line 147, col 4 to line 147, col 37 of module petersons_algo: 5
@!@!@ENDMSG 2221 @!@!@
@!@!@STARTMSG 2221:0 @!@!@
  line 150, col 4 to line 150, col 10 of module petersons_algo: 91
@!@!@ENDMSG 2221 @!@!@
@!@!@STARTMSG 2221:0 @!@!@
  |line 150, col 4 to line 150, col 6 of module petersons_algo: 86
@!@!@ENDMSG 2221 @!@!@
@!@!@STARTMSG 2221:0 @!@!@
  line 151, col 4 to line 151, col 11 of module petersons_algo: 5
@!@!@ENDMSG 2221 @!@!@
@!@!@STARTMSG 2221:0 @!@!@
  line 152, col 4 to line 152, col 13 of module petersons_algo: 5
@!@!@ENDMSG 2221 @!@!@
@!@!@STARTMSG 2221:0 @!@!@
  line 153, col 4 to line 153, col 28 of module petersons_algo: 5
@!@!@ENDMSG 2221 @!@!@
@!@!@STARTMSG 2221:0 @!@!@
  line 156, col 4 to line 156, col 10 of module petersons_algo: 90
@!@!@ENDMSG 2221 @!@!@
@!@!@STARTMSG 2221:0 @!@!@
  |line 156, col 4 to line 156, col 6 of module petersons_algo: 86
@!@!@ENDMSG 2221 @!@!@
@!@!@STARTMSG 2221:0 @!@!@
  line 157, col 4 to line 157, col 11 of module petersons_algo: 4
@!@!@ENDMSG 2221 @!@!@
@!@!@STARTMSG 2221:0 @!@!@
  line 158, col 4 to line 158, col 37 of module petersons_algo: 4
@!@!@ENDMSG 2221 @!@!@
@!@!@STARTMSG 2221:0 @!@!@
  line 161, col 10 to line 161, col 46 of module petersons_algo: 86
@!@!@ENDMSG 2221 @!@!@
@!@!@STARTMSG 2221:0 @!@!@
  line 185, col 58 to line 185, col 70 of module petersons_algo: 168
@!@!@ENDMSG 2221 @!@!@
@!@!@STARTMSG 2774:0 @!@!@
<Mutual_Exclusion line 187, col 1 to line 187, col 16 of module petersons_algo>
@!@!@ENDMSG 2774 @!@!@
@!@!@STARTMSG 2221:0 @!@!@
  line 187, col 21 to line 187, col 42 of module petersons_algo: 90
@!@!@ENDMSG 2221 @!@!@
@!@!@STARTMSG 2221:0 @!@!@
  |line 187, col 22 to line 187, col 28 of module petersons_algo: 90
@!@!@ENDMSG 2221 @!@!@
@!@!@STARTMSG 2221:0 @!@!@
  |line 187, col 35 to line 187, col 41 of module petersons_algo: 5
@!@!@ENDMSG 2221 @!@!@
@!@!@STARTMSG 2202:0 @!@!@
End of statistics.
@!@!@ENDMSG 2202 @!@!@
@!@!@STARTMSG 2200:0 @!@!@
Progress(15) at 2024-02-06 18:17:33: 329 states generated (34,270 s/min), 90 distinct states found (9,375 ds/min), 0 states left on queue.
@!@!@ENDMSG 2200 @!@!@
@!@!@STARTMSG 2199:0 @!@!@
329 states generated, 90 distinct states found, 0 states left on queue.
@!@!@ENDMSG 2199 @!@!@
@!@!@STARTMSG 2186:0 @!@!@
Finished in 578ms at (2024-02-06 18:17:33)
@!@!@ENDMSG 2186 @!@!@
