@!@!@STARTMSG 2262:0 @!@!@
TLC2 Version 2.16 of 31 December 2020 (rev: cdddf55)
@!@!@ENDMSG 2262 @!@!@
@!@!@STARTMSG 2187:0 @!@!@
Running breadth-first search Model-Checking with fp 75 and seed -3408061571870782352 with 14 workers on 28 cores with 1163MB heap and 2613MB offheap memory [pid: 119188] (Linux 6.5.0-15-generic amd64, AdoptOpenJDK 14.0.1 x86_64, OffHeapDiskFPSet, DiskStateQueue).
@!@!@ENDMSG 2187 @!@!@
@!@!@STARTMSG 2220:0 @!@!@
Starting SANY...
@!@!@ENDMSG 2220 @!@!@
Parsing file /home/neeraj/Desktop/sem-6/model-checking/02-06-2024-lab-1/q2b/modified_petersons_algo.toolbox/Model_2/MC.tla
Parsing file /home/neeraj/Desktop/sem-6/model-checking/02-06-2024-lab-1/q2b/modified_petersons_algo.toolbox/Model_2/modified_petersons_algo.tla
Parsing file /opt/TLA+Toolbox/plugins/org.lamport.tlatools_1.0.0.202012311918/tla2sany/StandardModules/TLC.tla
Parsing file /opt/TLA+Toolbox/plugins/org.lamport.tlatools_1.0.0.202012311918/tla2sany/StandardModules/Integers.tla
Parsing file /opt/TLA+Toolbox/plugins/org.lamport.tlatools_1.0.0.202012311918/tla2sany/StandardModules/Naturals.tla
Parsing file /opt/TLA+Toolbox/plugins/org.lamport.tlatools_1.0.0.202012311918/tla2sany/StandardModules/Sequences.tla
Parsing file /opt/TLA+Toolbox/plugins/org.lamport.tlatools_1.0.0.202012311918/tla2sany/StandardModules/FiniteSets.tla
Semantic processing of module Naturals
Semantic processing of module Integers
Semantic processing of module modified_petersons_algo
Semantic processing of module Sequences
Semantic processing of module FiniteSets
Semantic processing of module TLC
Semantic processing of module MC
@!@!@STARTMSG 2219:0 @!@!@
SANY finished.
@!@!@ENDMSG 2219 @!@!@
@!@!@STARTMSG 2185:0 @!@!@
Starting... (2024-02-06 18:08:53)
@!@!@ENDMSG 2185 @!@!@
@!@!@STARTMSG 2189:0 @!@!@
Computing initial states...
@!@!@ENDMSG 2189 @!@!@
@!@!@STARTMSG 2190:0 @!@!@
Finished computing initial states: 1 distinct state generated at 2024-02-06 18:08:53.
@!@!@ENDMSG 2190 @!@!@
@!@!@STARTMSG 2110:1 @!@!@
Invariant Mutual_Exclusion is violated.
@!@!@ENDMSG 2110 @!@!@
@!@!@STARTMSG 2121:1 @!@!@
The behavior up to this point is:
@!@!@ENDMSG 2121 @!@!@
@!@!@STARTMSG 2217:4 @!@!@
1: <Initial predicate>
/\ pc0 = 0
/\ pc1 = 0
/\ intr0 = FALSE
/\ intr1 = FALSE
/\ turn = 0

@!@!@ENDMSG 2217 @!@!@
@!@!@STARTMSG 2217:4 @!@!@
2: <Next line 188, col 43 to line 188, col 70 of module modified_petersons_algo>
/\ pc0 = 0
/\ pc1 = 1
/\ intr0 = FALSE
/\ intr1 = FALSE
/\ turn = 0

@!@!@ENDMSG 2217 @!@!@
@!@!@STARTMSG 2217:4 @!@!@
3: <Next line 188, col 43 to line 188, col 70 of module modified_petersons_algo>
/\ pc0 = 0
/\ pc1 = 2
/\ intr0 = FALSE
/\ intr1 = FALSE
/\ turn = 0

@!@!@ENDMSG 2217 @!@!@
@!@!@STARTMSG 2217:4 @!@!@
4: <Next line 188, col 43 to line 188, col 70 of module modified_petersons_algo>
/\ pc0 = 0
/\ pc1 = 3
/\ intr0 = FALSE
/\ intr1 = TRUE
/\ turn = 0

@!@!@ENDMSG 2217 @!@!@
@!@!@STARTMSG 2217:4 @!@!@
5: <Next line 188, col 10 to line 188, col 36 of module modified_petersons_algo>
/\ pc0 = 1
/\ pc1 = 3
/\ intr0 = FALSE
/\ intr1 = TRUE
/\ turn = 0

@!@!@ENDMSG 2217 @!@!@
@!@!@STARTMSG 2217:4 @!@!@
6: <Next line 188, col 10 to line 188, col 36 of module modified_petersons_algo>
/\ pc0 = 2
/\ pc1 = 3
/\ intr0 = FALSE
/\ intr1 = TRUE
/\ turn = 0

@!@!@ENDMSG 2217 @!@!@
@!@!@STARTMSG 2217:4 @!@!@
7: <Next line 188, col 10 to line 188, col 36 of module modified_petersons_algo>
/\ pc0 = 3
/\ pc1 = 3
/\ intr0 = TRUE
/\ intr1 = TRUE
/\ turn = 0

@!@!@ENDMSG 2217 @!@!@
@!@!@STARTMSG 2217:4 @!@!@
8: <Next line 188, col 43 to line 188, col 70 of module modified_petersons_algo>
/\ pc0 = 3
/\ pc1 = 4
/\ intr0 = TRUE
/\ intr1 = TRUE
/\ turn = 1

@!@!@ENDMSG 2217 @!@!@
@!@!@STARTMSG 2217:4 @!@!@
9: <Next line 188, col 43 to line 188, col 70 of module modified_petersons_algo>
/\ pc0 = 3
/\ pc1 = 5
/\ intr0 = TRUE
/\ intr1 = TRUE
/\ turn = 1

@!@!@ENDMSG 2217 @!@!@
@!@!@STARTMSG 2217:4 @!@!@
10: <Next line 188, col 10 to line 188, col 36 of module modified_petersons_algo>
/\ pc0 = 4
/\ pc1 = 5
/\ intr0 = TRUE
/\ intr1 = TRUE
/\ turn = 0

@!@!@ENDMSG 2217 @!@!@
@!@!@STARTMSG 2217:4 @!@!@
11: <Next line 188, col 10 to line 188, col 36 of module modified_petersons_algo>
/\ pc0 = 5
/\ pc1 = 5
/\ intr0 = TRUE
/\ intr1 = TRUE
/\ turn = 0

@!@!@ENDMSG 2217 @!@!@
@!@!@STARTMSG 2201:0 @!@!@
The coverage statistics at 2024-02-06 18:08:53
@!@!@ENDMSG 2201 @!@!@
@!@!@STARTMSG 2773:0 @!@!@
<Init line 49, col 1 to line 49, col 4 of module modified_petersons_algo>: 2:2
@!@!@ENDMSG 2773 @!@!@
@!@!@STARTMSG 2221:0 @!@!@
  line 49, col 9 to line 49, col 22 of module modified_petersons_algo: 2
@!@!@ENDMSG 2221 @!@!@
@!@!@STARTMSG 2772:0 @!@!@
<Next line 188, col 1 to line 188, col 4 of module modified_petersons_algo (188 10 188 36)>: 59:237
@!@!@ENDMSG 2772 @!@!@
@!@!@STARTMSG 2221:0 @!@!@
  line 52, col 4 to line 52, col 10 of module modified_petersons_algo: 145
@!@!@ENDMSG 2221 @!@!@
@!@!@STARTMSG 2221:0 @!@!@
  |line 52, col 4 to line 52, col 6 of module modified_petersons_algo: 121
@!@!@ENDMSG 2221 @!@!@
@!@!@STARTMSG 2221:0 @!@!@
  line 53, col 4 to line 53, col 11 of module modified_petersons_algo: 24
@!@!@ENDMSG 2221 @!@!@
@!@!@STARTMSG 2221:0 @!@!@
  line 54, col 4 to line 54, col 37 of module modified_petersons_algo: 24
@!@!@ENDMSG 2221 @!@!@
@!@!@STARTMSG 2221:0 @!@!@
  line 57, col 4 to line 57, col 10 of module modified_petersons_algo: 141
@!@!@ENDMSG 2221 @!@!@
@!@!@STARTMSG 2221:0 @!@!@
  |line 57, col 4 to line 57, col 6 of module modified_petersons_algo: 121
@!@!@ENDMSG 2221 @!@!@
@!@!@STARTMSG 2221:0 @!@!@
  line 58, col 4 to line 58, col 11 of module modified_petersons_algo: 20
@!@!@ENDMSG 2221 @!@!@
@!@!@STARTMSG 2221:0 @!@!@
  line 59, col 4 to line 59, col 37 of module modified_petersons_algo: 20
@!@!@ENDMSG 2221 @!@!@
@!@!@STARTMSG 2221:0 @!@!@
  line 63, col 4 to line 63, col 10 of module modified_petersons_algo: 139
@!@!@ENDMSG 2221 @!@!@
@!@!@STARTMSG 2221:0 @!@!@
  |line 63, col 4 to line 63, col 6 of module modified_petersons_algo: 121
@!@!@ENDMSG 2221 @!@!@
@!@!@STARTMSG 2221:0 @!@!@
  line 64, col 4 to line 64, col 11 of module modified_petersons_algo: 18
@!@!@ENDMSG 2221 @!@!@
@!@!@STARTMSG 2221:0 @!@!@
  line 65, col 4 to line 65, col 16 of module modified_petersons_algo: 18
@!@!@ENDMSG 2221 @!@!@
@!@!@STARTMSG 2221:0 @!@!@
  line 66, col 4 to line 66, col 30 of module modified_petersons_algo: 18
@!@!@ENDMSG 2221 @!@!@
@!@!@STARTMSG 2221:0 @!@!@
  line 69, col 4 to line 69, col 10 of module modified_petersons_algo: 135
@!@!@ENDMSG 2221 @!@!@
@!@!@STARTMSG 2221:0 @!@!@
  |line 69, col 4 to line 69, col 6 of module modified_petersons_algo: 121
@!@!@ENDMSG 2221 @!@!@
@!@!@STARTMSG 2221:0 @!@!@
  line 70, col 4 to line 70, col 11 of module modified_petersons_algo: 14
@!@!@ENDMSG 2221 @!@!@
@!@!@STARTMSG 2221:0 @!@!@
  line 71, col 4 to line 71, col 12 of module modified_petersons_algo: 14
@!@!@ENDMSG 2221 @!@!@
@!@!@STARTMSG 2221:0 @!@!@
  line 72, col 4 to line 72, col 31 of module modified_petersons_algo: 14
@!@!@ENDMSG 2221 @!@!@
@!@!@STARTMSG 2221:0 @!@!@
  line 84, col 4 to line 84, col 10 of module modified_petersons_algo: 128
@!@!@ENDMSG 2221 @!@!@
@!@!@STARTMSG 2221:0 @!@!@
  |line 84, col 4 to line 84, col 6 of module modified_petersons_algo: 121
@!@!@ENDMSG 2221 @!@!@
@!@!@STARTMSG 2221:0 @!@!@
  line 85, col 4 to line 85, col 11 of module modified_petersons_algo: 7
@!@!@ENDMSG 2221 @!@!@
@!@!@STARTMSG 2221:0 @!@!@
  line 86, col 5 to line 86, col 12 of module modified_petersons_algo: 23
@!@!@ENDMSG 2221 @!@!@
@!@!@STARTMSG 2221:0 @!@!@
  |line 86, col 5 to line 86, col 8 of module modified_petersons_algo: 14
@!@!@ENDMSG 2221 @!@!@
@!@!@STARTMSG 2221:0 @!@!@
  line 86, col 17 to line 86, col 29 of module modified_petersons_algo: 16
@!@!@ENDMSG 2221 @!@!@
@!@!@STARTMSG 2221:0 @!@!@
  |line 86, col 17 to line 86, col 21 of module modified_petersons_algo: 13
@!@!@ENDMSG 2221 @!@!@
@!@!@STARTMSG 2221:0 @!@!@
  |line 86, col 25 to line 86, col 29 of module modified_petersons_algo: 13
@!@!@ENDMSG 2221 @!@!@
@!@!@STARTMSG 2221:0 @!@!@
  line 87, col 4 to line 87, col 37 of module modified_petersons_algo: 12
@!@!@ENDMSG 2221 @!@!@
@!@!@STARTMSG 2221:0 @!@!@
  line 90, col 4 to line 90, col 10 of module modified_petersons_algo: 126
@!@!@ENDMSG 2221 @!@!@
@!@!@STARTMSG 2221:0 @!@!@
  |line 90, col 4 to line 90, col 6 of module modified_petersons_algo: 117
@!@!@ENDMSG 2221 @!@!@
@!@!@STARTMSG 2221:0 @!@!@
  line 91, col 4 to line 91, col 11 of module modified_petersons_algo: 9
@!@!@ENDMSG 2221 @!@!@
@!@!@STARTMSG 2221:0 @!@!@
  line 92, col 4 to line 92, col 37 of module modified_petersons_algo: 9
@!@!@ENDMSG 2221 @!@!@
@!@!@STARTMSG 2221:0 @!@!@
  line 95, col 4 to line 95, col 10 of module modified_petersons_algo: 128
@!@!@ENDMSG 2221 @!@!@
@!@!@STARTMSG 2221:0 @!@!@
  |line 95, col 4 to line 95, col 6 of module modified_petersons_algo: 117
@!@!@ENDMSG 2221 @!@!@
@!@!@STARTMSG 2221:0 @!@!@
  line 96, col 4 to line 96, col 11 of module modified_petersons_algo: 11
@!@!@ENDMSG 2221 @!@!@
@!@!@STARTMSG 2221:0 @!@!@
  line 97, col 4 to line 97, col 13 of module modified_petersons_algo: 11
@!@!@ENDMSG 2221 @!@!@
@!@!@STARTMSG 2221:0 @!@!@
  line 98, col 4 to line 98, col 28 of module modified_petersons_algo: 11
@!@!@ENDMSG 2221 @!@!@
@!@!@STARTMSG 2221:0 @!@!@
  line 101, col 4 to line 101, col 10 of module modified_petersons_algo: 128
@!@!@ENDMSG 2221 @!@!@
@!@!@STARTMSG 2221:0 @!@!@
  |line 101, col 4 to line 101, col 6 of module modified_petersons_algo: 117
@!@!@ENDMSG 2221 @!@!@
@!@!@STARTMSG 2221:0 @!@!@
  line 102, col 4 to line 102, col 11 of module modified_petersons_algo: 11
@!@!@ENDMSG 2221 @!@!@
@!@!@STARTMSG 2221:0 @!@!@
  line 103, col 4 to line 103, col 37 of module modified_petersons_algo: 11
@!@!@ENDMSG 2221 @!@!@
@!@!@STARTMSG 2221:0 @!@!@
  line 105, col 10 to line 105, col 48 of module modified_petersons_algo: 117
@!@!@ENDMSG 2221 @!@!@
@!@!@STARTMSG 2221:0 @!@!@
  line 188, col 24 to line 188, col 36 of module modified_petersons_algo: 236
@!@!@ENDMSG 2221 @!@!@
@!@!@STARTMSG 2772:0 @!@!@
<Next line 188, col 1 to line 188, col 4 of module modified_petersons_algo (188 43 188 70)>: 68:210
@!@!@ENDMSG 2772 @!@!@
@!@!@STARTMSG 2221:0 @!@!@
  line 110, col 4 to line 110, col 10 of module modified_petersons_algo: 129
@!@!@ENDMSG 2221 @!@!@
@!@!@STARTMSG 2221:0 @!@!@
  |line 110, col 4 to line 110, col 6 of module modified_petersons_algo: 112
@!@!@ENDMSG 2221 @!@!@
@!@!@STARTMSG 2221:0 @!@!@
  line 111, col 4 to line 111, col 11 of module modified_petersons_algo: 17
@!@!@ENDMSG 2221 @!@!@
@!@!@STARTMSG 2221:0 @!@!@
  line 112, col 4 to line 112, col 37 of module modified_petersons_algo: 17
@!@!@ENDMSG 2221 @!@!@
@!@!@STARTMSG 2221:0 @!@!@
  line 115, col 4 to line 115, col 10 of module modified_petersons_algo: 128
@!@!@ENDMSG 2221 @!@!@
@!@!@STARTMSG 2221:0 @!@!@
  |line 115, col 4 to line 115, col 6 of module modified_petersons_algo: 112
@!@!@ENDMSG 2221 @!@!@
@!@!@STARTMSG 2221:0 @!@!@
  line 116, col 4 to line 116, col 11 of module modified_petersons_algo: 16
@!@!@ENDMSG 2221 @!@!@
@!@!@STARTMSG 2221:0 @!@!@
  line 117, col 4 to line 117, col 37 of module modified_petersons_algo: 16
@!@!@ENDMSG 2221 @!@!@
@!@!@STARTMSG 2221:0 @!@!@
  line 121, col 4 to line 121, col 10 of module modified_petersons_algo: 126
@!@!@ENDMSG 2221 @!@!@
@!@!@STARTMSG 2221:0 @!@!@
  |line 121, col 4 to line 121, col 6 of module modified_petersons_algo: 112
@!@!@ENDMSG 2221 @!@!@
@!@!@STARTMSG 2221:0 @!@!@
  line 122, col 4 to line 122, col 11 of module modified_petersons_algo: 14
@!@!@ENDMSG 2221 @!@!@
@!@!@STARTMSG 2221:0 @!@!@
  line 123, col 4 to line 123, col 16 of module modified_petersons_algo: 14
@!@!@ENDMSG 2221 @!@!@
@!@!@STARTMSG 2221:0 @!@!@
  line 124, col 4 to line 124, col 30 of module modified_petersons_algo: 14
@!@!@ENDMSG 2221 @!@!@
@!@!@STARTMSG 2221:0 @!@!@
  line 127, col 4 to line 127, col 10 of module modified_petersons_algo: 124
@!@!@ENDMSG 2221 @!@!@
@!@!@STARTMSG 2221:0 @!@!@
  |line 127, col 4 to line 127, col 6 of module modified_petersons_algo: 112
@!@!@ENDMSG 2221 @!@!@
@!@!@STARTMSG 2221:0 @!@!@
  line 128, col 4 to line 128, col 11 of module modified_petersons_algo: 12
@!@!@ENDMSG 2221 @!@!@
@!@!@STARTMSG 2221:0 @!@!@
  line 129, col 4 to line 129, col 12 of module modified_petersons_algo: 12
@!@!@ENDMSG 2221 @!@!@
@!@!@STARTMSG 2221:0 @!@!@
  line 130, col 4 to line 130, col 31 of module modified_petersons_algo: 12
@!@!@ENDMSG 2221 @!@!@
@!@!@STARTMSG 2221:0 @!@!@
  line 142, col 4 to line 142, col 10 of module modified_petersons_algo: 119
@!@!@ENDMSG 2221 @!@!@
@!@!@STARTMSG 2221:0 @!@!@
  |line 142, col 4 to line 142, col 6 of module modified_petersons_algo: 112
@!@!@ENDMSG 2221 @!@!@
@!@!@STARTMSG 2221:0 @!@!@
  line 143, col 4 to line 143, col 11 of module modified_petersons_algo: 7
@!@!@ENDMSG 2221 @!@!@
@!@!@STARTMSG 2221:0 @!@!@
  line 144, col 5 to line 144, col 12 of module modified_petersons_algo: 31
@!@!@ENDMSG 2221 @!@!@
@!@!@STARTMSG 2221:0 @!@!@
  |line 144, col 5 to line 144, col 8 of module modified_petersons_algo: 20
@!@!@ENDMSG 2221 @!@!@
@!@!@STARTMSG 2221:0 @!@!@
  line 144, col 17 to line 144, col 29 of module modified_petersons_algo: 22
@!@!@ENDMSG 2221 @!@!@
@!@!@STARTMSG 2221:0 @!@!@
  |line 144, col 17 to line 144, col 21 of module modified_petersons_algo: 19
@!@!@ENDMSG 2221 @!@!@
@!@!@STARTMSG 2221:0 @!@!@
  |line 144, col 25 to line 144, col 29 of module modified_petersons_algo: 19
@!@!@ENDMSG 2221 @!@!@
@!@!@STARTMSG 2221:0 @!@!@
  line 145, col 4 to line 145, col 37 of module modified_petersons_algo: 14
@!@!@ENDMSG 2221 @!@!@
@!@!@STARTMSG 2221:0 @!@!@
  line 148, col 4 to line 148, col 10 of module modified_petersons_algo: 113
@!@!@ENDMSG 2221 @!@!@
@!@!@STARTMSG 2221:0 @!@!@
  |line 148, col 4 to line 148, col 6 of module modified_petersons_algo: 103
@!@!@ENDMSG 2221 @!@!@
@!@!@STARTMSG 2221:0 @!@!@
  line 149, col 4 to line 149, col 11 of module modified_petersons_algo: 10
@!@!@ENDMSG 2221 @!@!@
@!@!@STARTMSG 2221:0 @!@!@
  line 150, col 4 to line 150, col 37 of module modified_petersons_algo: 10
@!@!@ENDMSG 2221 @!@!@
@!@!@STARTMSG 2221:0 @!@!@
  line 153, col 4 to line 153, col 10 of module modified_petersons_algo: 117
@!@!@ENDMSG 2221 @!@!@
@!@!@STARTMSG 2221:0 @!@!@
  |line 153, col 4 to line 153, col 6 of module modified_petersons_algo: 103
@!@!@ENDMSG 2221 @!@!@
@!@!@STARTMSG 2221:0 @!@!@
  line 154, col 4 to line 154, col 11 of module modified_petersons_algo: 14
@!@!@ENDMSG 2221 @!@!@
@!@!@STARTMSG 2221:0 @!@!@
  line 155, col 4 to line 155, col 13 of module modified_petersons_algo: 14
@!@!@ENDMSG 2221 @!@!@
@!@!@STARTMSG 2221:0 @!@!@
  line 156, col 4 to line 156, col 28 of module modified_petersons_algo: 14
@!@!@ENDMSG 2221 @!@!@
@!@!@STARTMSG 2221:0 @!@!@
  line 159, col 4 to line 159, col 10 of module modified_petersons_algo: 112
@!@!@ENDMSG 2221 @!@!@
@!@!@STARTMSG 2221:0 @!@!@
  |line 159, col 4 to line 159, col 6 of module modified_petersons_algo: 103
@!@!@ENDMSG 2221 @!@!@
@!@!@STARTMSG 2221:0 @!@!@
  line 160, col 4 to line 160, col 11 of module modified_petersons_algo: 9
@!@!@ENDMSG 2221 @!@!@
@!@!@STARTMSG 2221:0 @!@!@
  line 161, col 4 to line 161, col 37 of module modified_petersons_algo: 9
@!@!@ENDMSG 2221 @!@!@
@!@!@STARTMSG 2221:0 @!@!@
  line 164, col 10 to line 164, col 46 of module modified_petersons_algo: 103
@!@!@ENDMSG 2221 @!@!@
@!@!@STARTMSG 2221:0 @!@!@
  line 188, col 58 to line 188, col 70 of module modified_petersons_algo: 209
@!@!@ENDMSG 2221 @!@!@
@!@!@STARTMSG 2774:0 @!@!@
<Mutual_Exclusion line 190, col 1 to line 190, col 16 of module modified_petersons_algo>
@!@!@ENDMSG 2774 @!@!@
@!@!@STARTMSG 2221:0 @!@!@
  line 190, col 21 to line 190, col 42 of module modified_petersons_algo: 128
@!@!@ENDMSG 2221 @!@!@
@!@!@STARTMSG 2221:0 @!@!@
  |line 190, col 22 to line 190, col 28 of module modified_petersons_algo: 128
@!@!@ENDMSG 2221 @!@!@
@!@!@STARTMSG 2221:0 @!@!@
  |line 190, col 35 to line 190, col 41 of module modified_petersons_algo: 12
@!@!@ENDMSG 2221 @!@!@
@!@!@STARTMSG 2202:0 @!@!@
End of statistics.
@!@!@ENDMSG 2202 @!@!@
@!@!@STARTMSG 2200:0 @!@!@
Progress(17) at 2024-02-06 18:08:53: 418 states generated (46,791 s/min), 128 distinct states found (14,328 ds/min), 15 states left on queue.
@!@!@ENDMSG 2200 @!@!@
@!@!@STARTMSG 2199:0 @!@!@
418 states generated, 128 distinct states found, 15 states left on queue.
@!@!@ENDMSG 2199 @!@!@
@!@!@STARTMSG 2194:0 @!@!@
The depth of the complete state graph search is 17.
@!@!@ENDMSG 2194 @!@!@
@!@!@STARTMSG 2268:0 @!@!@
The average outdegree of the complete state graph is 1 (minimum is 0, the maximum 2 and the 95th percentile is 2).
@!@!@ENDMSG 2268 @!@!@
@!@!@STARTMSG 2186:0 @!@!@
Finished in 541ms at (2024-02-06 18:08:53)
@!@!@ENDMSG 2186 @!@!@
